[debug] [2022-06-01T14:52:53.945Z] ----------------------------------------------------------------------
[debug] [2022-06-01T14:52:53.946Z] Command:       /usr/local/Cellar/node/17.2.0/bin/node /usr/local/bin/firebase emulators:start
[debug] [2022-06-01T14:52:53.947Z] CLI Version:   11.0.0
[debug] [2022-06-01T14:52:53.947Z] Platform:      darwin
[debug] [2022-06-01T14:52:53.947Z] Node Version:  v17.2.0
[debug] [2022-06-01T14:52:53.948Z] Time:          Wed Jun 01 2022 15:52:53 GMT+0100 (West Africa Standard Time)
[debug] [2022-06-01T14:52:53.948Z] ----------------------------------------------------------------------
[debug] 
[debug] [2022-06-01T14:52:54.003Z] > command requires scopes: ["email","openid","https://www.googleapis.com/auth/cloudplatformprojects.readonly","https://www.googleapis.com/auth/firebase","https://www.googleapis.com/auth/cloud-platform"]
[debug] [2022-06-01T14:52:54.003Z] > authorizing via signed-in user (jesseakorah@gmail.com)
[info] i  emulators: Starting emulators: functions, hosting {"metadata":{"emulator":{"name":"hub"},"message":"Starting emulators: functions, hosting"}}
[debug] [2022-06-01T14:52:54.016Z] [hub] writing locator at /var/folders/x8/dl7_fvgn0kq8ty1__d6z19gm0000gn/T/hub-clone-b036c.json
[warn] ⚠  functions: The following emulators are not running, calls to these services from the Functions emulator will affect production: auth, firestore, database, pubsub, storage {"metadata":{"emulator":{"name":"functions"},"message":"The following emulators are not running, calls to these services from the Functions emulator will affect production: \u001b[1mauth, firestore, database, pubsub, storage\u001b[22m"}}
[warn] ⚠  Your requested "node" version "16" doesn't match your global version "17". Using node@17 from host. {"metadata":{"emulator":{"name":"functions"},"message":"Your requested \"node\" version \"16\" doesn't match your global version \"17\". Using node@17 from host."}}
[debug] [2022-06-01T14:52:54.033Z] defaultcredentials: writing to file /Users/jesse/.config/firebase/jesseakorah_gmail_com_application_default_credentials.json
[debug] [2022-06-01T14:52:54.037Z] Setting GAC to /Users/jesse/.config/firebase/jesseakorah_gmail_com_application_default_credentials.json {"metadata":{"emulator":{"name":"functions"},"message":"Setting GAC to /Users/jesse/.config/firebase/jesseakorah_gmail_com_application_default_credentials.json"}}
[debug] [2022-06-01T14:52:54.040Z] >>> [apiv2][query] GET https://firebase.googleapis.com/v1beta1/projects/clone-b036c/adminSdkConfig [none]
[debug] [2022-06-01T14:52:54.682Z] <<< [apiv2][status] GET https://firebase.googleapis.com/v1beta1/projects/clone-b036c/adminSdkConfig 200
[debug] [2022-06-01T14:52:54.683Z] <<< [apiv2][body] GET https://firebase.googleapis.com/v1beta1/projects/clone-b036c/adminSdkConfig {"projectId":"clone-b036c","storageBucket":"clone-b036c.appspot.com","locationId":"europe-west"}
[warn] ⚠  hosting: Port 6000 is restricted by some web browsers, including Chrome. You may want to choose a different port such as 6001. {"metadata":{"emulator":{"name":"hosting"},"message":"Port 6000 is restricted by some web browsers, including Chrome. You may want to choose a different port such as 6001."}}
[debug] [2022-06-01T14:52:54.972Z] >>> [apiv2][query] GET https://firebasehosting.googleapis.com/v1beta1/projects/clone-b036c/sites 
[debug] [2022-06-01T14:52:56.483Z] <<< [apiv2][status] GET https://firebasehosting.googleapis.com/v1beta1/projects/clone-b036c/sites 200
[debug] [2022-06-01T14:52:56.483Z] <<< [apiv2][body] GET https://firebasehosting.googleapis.com/v1beta1/projects/clone-b036c/sites {"sites":[{"name":"projects/clone-b036c/sites/clone-b036c","defaultUrl":"https://clone-b036c.web.app","appId":"1:818001070168:web:b6d09865338532285ce22d","type":"DEFAULT_SITE"}]}
[debug] [2022-06-01T14:52:56.484Z] >>> [apiv2][query] GET https://firebase.googleapis.com/v1beta1/projects/clone-b036c/webApps/1:818001070168:web:b6d09865338532285ce22d/config [none]
[debug] [2022-06-01T14:52:57.621Z] <<< [apiv2][status] GET https://firebase.googleapis.com/v1beta1/projects/clone-b036c/webApps/1:818001070168:web:b6d09865338532285ce22d/config 200
[debug] [2022-06-01T14:52:57.622Z] <<< [apiv2][body] GET https://firebase.googleapis.com/v1beta1/projects/clone-b036c/webApps/1:818001070168:web:b6d09865338532285ce22d/config {"projectId":"clone-b036c","appId":"1:818001070168:web:b6d09865338532285ce22d","storageBucket":"clone-b036c.appspot.com","locationId":"europe-west","apiKey":"AIzaSyBy5iKpQyreDMPGb374qh4cEn42indwcgo","authDomain":"clone-b036c.firebaseapp.com","messagingSenderId":"818001070168","measurementId":"G-NYJZKSEQVY"}
[info] i  hosting: Serving hosting files from: build {"metadata":{"emulator":{"name":"hosting"},"message":"Serving hosting files from: \u001b[1mbuild\u001b[22m"}}
[info] ✔  hosting: Local server: http://localhost:6000 {"metadata":{"emulator":{"name":"hosting"},"message":"Local server: \u001b[4m\u001b[1mhttp://localhost:6000\u001b[22m\u001b[24m"}}
[debug] [2022-06-01T14:52:57.758Z] Ignoring unsupported arg: auto_download {"metadata":{"emulator":{"name":"ui"},"message":"Ignoring unsupported arg: auto_download"}}
[debug] [2022-06-01T14:52:57.758Z] Ignoring unsupported arg: port {"metadata":{"emulator":{"name":"ui"},"message":"Ignoring unsupported arg: port"}}
[debug] [2022-06-01T14:52:57.758Z] Starting Emulator UI with command {"binary":"node","args":["--dns-result-order=ipv4first","/Users/jesse/.cache/firebase/emulators/ui-v1.7.0/server.bundle.js"],"optionalArgs":[],"joinArgs":false} {"metadata":{"emulator":{"name":"ui"},"message":"Starting Emulator UI with command {\"binary\":\"node\",\"args\":[\"--dns-result-order=ipv4first\",\"/Users/jesse/.cache/firebase/emulators/ui-v1.7.0/server.bundle.js\"],\"optionalArgs\":[],\"joinArgs\":false}"}}
[info] i  ui: Emulator UI logging to ui-debug.log {"metadata":{"emulator":{"name":"ui"},"message":"Emulator UI logging to \u001b[1mui-debug.log\u001b[22m"}}
[debug] [2022-06-01T14:52:57.886Z] Web / API server started at localhost:4000
 {"metadata":{"emulator":{"name":"ui"},"message":"Web / API server started at localhost:4000\n"}}
[info] i  functions: Watching "/Users/jesse/Developer/amazon-clone-2022/amazon-clone/functions" for Cloud Functions... {"metadata":{"emulator":{"name":"functions"},"message":"Watching \"/Users/jesse/Developer/amazon-clone-2022/amazon-clone/functions\" for Cloud Functions..."}}
[debug] [2022-06-01T14:52:58.035Z] Validating nodejs source
[debug] [2022-06-01T14:52:59.785Z] > [functions] package.json contents: {
  "name": "functions",
  "description": "Cloud Functions for Firebase",
  "scripts": {
    "lint": "eslint",
    "serve": "firebase emulators:start --only functions",
    "shell": "firebase functions:shell",
    "start": "npm run shell",
    "deploy": "firebase deploy --only functions",
    "logs": "firebase functions:log"
  },
  "engines": {
    "node": "16"
  },
  "main": "index.js",
  "dependencies": {
    "express": "^4.18.1",
    "firebase-admin": "^10.0.2",
    "firebase-functions": "^3.18.0",
    "stripe": "^9.1.0"
  },
  "devDependencies": {
    "eslint": "^8.9.0",
    "eslint-config-google": "^0.14.0",
    "firebase-functions-test": "^0.2.0"
  },
  "private": true
}
[debug] [2022-06-01T14:52:59.786Z] Building nodejs source
[debug] [2022-06-01T14:52:59.786Z] Analyzing nodejs backend spec
[debug] [2022-06-01T14:52:59.788Z] Could not find functions.yaml. Must use http discovery
[debug] [2022-06-01T14:53:00.010Z] Serving at port 9005

[debug] [2022-06-01T14:53:00.131Z] Got response from /__/functions.yaml {"endpoints":{"api":{"platform":"gcfv1","httpsTrigger":{},"entryPoint":"api"}},"specVersion":"v1alpha1","requiredAPIs":[]}
[debug] [2022-06-01T14:53:00.137Z] shutdown requested via /__/quitquitquit

[info] ✔  functions[us-central1-api]: http function initialized (http://localhost:5001/clone-b036c/us-central1/api). {"metadata":{"emulator":{"name":"functions"},"message":"\u001b[1mhttp\u001b[22m function initialized (http://localhost:5001/clone-b036c/us-central1/api)."}}
[info] 
┌─────────────────────────────────────────────────────────────┐
│ ✔  All emulators ready! It is now safe to connect your app. │
│ i  View Emulator UI at http://localhost:4000                │
└─────────────────────────────────────────────────────────────┘

┌───────────┬────────────────┬─────────────────────────────────┐
│ Emulator  │ Host:Port      │ View in Emulator UI             │
├───────────┼────────────────┼─────────────────────────────────┤
│ Functions │ localhost:5001 │ http://localhost:4000/functions │
├───────────┼────────────────┼─────────────────────────────────┤
│ Hosting   │ localhost:6000 │ n/a                             │
└───────────┴────────────────┴─────────────────────────────────┘
  Emulator Hub running at localhost:4400
  Other reserved ports: 4500

Issues? Report them at https://github.com/firebase/firebase-tools/issues and attach the *-debug.log files.
 
